<?xml version="1.0" encoding="UTF-8"?>
<testng-results ignored="0" total="1" passed="1" failed="0" skipped="0">
  <reporter-output>
  </reporter-output>
  <suite started-at="2026-01-21T17:21:48 EET" name="Khaled Automation Suite" finished-at="2026-01-21T17:21:48 EET" duration-ms="25">
    <groups>
    </groups>
    <test started-at="2026-01-21T17:21:48 EET" name="Khaled Basic Test" finished-at="2026-01-21T17:21:48 EET" duration-ms="25">
      <class name="tests.SampleTest">
        <test-method signature="simpleTest()[pri:0, instance:tests.SampleTest@6d2a209c]" started-at="2026-01-21T17:21:48 EET" name="simpleTest" finished-at="2026-01-21T17:21:48 EET" duration-ms="4" status="PASS">
          <reporter-output>
          </reporter-output>
        </test-method> <!-- simpleTest -->
      </class> <!-- tests.SampleTest -->
    </test> <!-- Khaled Basic Test -->
  </suite> <!-- Khaled Automation Suite -->
</testng-results>
